<?xml version="1.0" encoding="UTF-8"?>
<!-- Generated by org.testng.reporters.JUnitXMLReporter -->
<testsuite ignored="0" hostname="CarolMBP.local" failures="0" tests="15" name="Default test" time="42.191" errors="0" timestamp="2025-01-16T13:13:08 BOT">
  <testcase classname="demo.qa.Elements" name="testWebTabletsAdd" time="2.23"/>
  <testcase classname="demo.qa.Elements" name="testWebTabletsAdd" time="1.735"/>
  <testcase classname="demo.qa.Elements" name="testWebTabletsAdd" time="1.766"/>
  <testcase classname="demo.qa.Elements" name="testWebTabletsAdd" time="1.67"/>
  <testcase classname="demo.qa.Elements" name="testWebTabletsAdd" time="1.669"/>
  <testcase classname="demo.qa.Elements" name="testWebTabletsAdd" time="1.839"/>
  <testcase classname="demo.qa.Elements" name="testWebTabletsAdd" time="1.653"/>
  <testcase classname="demo.qa.Elements" name="testWebTabletsAdd" time="1.645"/>
  <testcase classname="demo.qa.Elements" name="testWebTabletsAdd" time="1.635"/>
  <testcase classname="demo.qa.Elements" name="testWebTabletsAdd" time="1.653"/>
  <testcase classname="demo.qa.Elements" name="testWebTabletsAdd" time="1.666"/>
  <testcase classname="demo.qa.Elements" name="testWebTabletsAdd" time="1.648"/>
  <testcase classname="demo.qa.Elements" name="testWebTabletsAdd" time="1.641"/>
  <testcase classname="demo.qa.Elements" name="testWebTabletsAdd" time="1.637"/>
  <testcase classname="demo.qa.Elements" name="testWebTabletsEdit" time="9.335"/>
</testsuite> <!-- Default test -->
