<?xml version="1.0" encoding="UTF-8"?>
<testng-results ignored="0" total="14" passed="14" failed="0" skipped="0">
  <reporter-output>
  </reporter-output>
  <suite started-at="2025-01-13T14:15:57 BOT" name="Default suite" finished-at="2025-01-13T14:17:14 BOT" duration-ms="77513">
    <groups>
    </groups>
    <test started-at="2025-01-13T14:15:57 BOT" name="Default test" finished-at="2025-01-13T14:17:14 BOT" duration-ms="77513">
      <class name="demo.qa.Elements">
        <test-method is-config="true" signature="begin()[pri:0, instance:demo.qa.Elements@28dcca0c]" started-at="2025-01-13T14:15:57 BOT" name="begin" finished-at="2025-01-13T14:16:08 BOT" duration-ms="11089" status="PASS">
          <reporter-output>
          </reporter-output>
        </test-method> <!-- begin -->
        <test-method signature="testWebTabletsAdd(java.lang.String,java.lang.String,int,java.lang.String,int,java.lang.String)[pri:0, instance:demo.qa.Elements@28dcca0c]" started-at="2025-01-13T14:16:08 BOT" name="testWebTabletsAdd" data-provider="dpWebTablets" finished-at="2025-01-13T14:16:13 BOT" duration-ms="5042" status="PASS">
          <params>
            <param index="0">
              <value>
                <![CDATA[John]]>
              </value>
            </param>
            <param index="1">
              <value>
                <![CDATA[Smith]]>
              </value>
            </param>
            <param index="2">
              <value>
                <![CDATA[34]]>
              </value>
            </param>
            <param index="3">
              <value>
                <![CDATA[john.smith@example.com]]>
              </value>
            </param>
            <param index="4">
              <value>
                <![CDATA[45000]]>
              </value>
            </param>
            <param index="5">
              <value>
                <![CDATA[Finance]]>
              </value>
            </param>
          </params>
          <reporter-output>
          </reporter-output>
        </test-method> <!-- testWebTabletsAdd -->
        <test-method signature="testWebTabletsAdd(java.lang.String,java.lang.String,int,java.lang.String,int,java.lang.String)[pri:0, instance:demo.qa.Elements@28dcca0c]" started-at="2025-01-13T14:16:13 BOT" name="testWebTabletsAdd" data-provider="dpWebTablets" finished-at="2025-01-13T14:16:18 BOT" duration-ms="4717" status="PASS">
          <params>
            <param index="0">
              <value>
                <![CDATA[Emma]]>
              </value>
            </param>
            <param index="1">
              <value>
                <![CDATA[Johnson]]>
              </value>
            </param>
            <param index="2">
              <value>
                <![CDATA[29]]>
              </value>
            </param>
            <param index="3">
              <value>
                <![CDATA[emma.johnson@example.com]]>
              </value>
            </param>
            <param index="4">
              <value>
                <![CDATA[39000]]>
              </value>
            </param>
            <param index="5">
              <value>
                <![CDATA[Marketing]]>
              </value>
            </param>
          </params>
          <reporter-output>
          </reporter-output>
        </test-method> <!-- testWebTabletsAdd -->
        <test-method signature="testWebTabletsAdd(java.lang.String,java.lang.String,int,java.lang.String,int,java.lang.String)[pri:0, instance:demo.qa.Elements@28dcca0c]" started-at="2025-01-13T14:16:18 BOT" name="testWebTabletsAdd" data-provider="dpWebTablets" finished-at="2025-01-13T14:16:22 BOT" duration-ms="4728" status="PASS">
          <params>
            <param index="0">
              <value>
                <![CDATA[James]]>
              </value>
            </param>
            <param index="1">
              <value>
                <![CDATA[Brown]]>
              </value>
            </param>
            <param index="2">
              <value>
                <![CDATA[42]]>
              </value>
            </param>
            <param index="3">
              <value>
                <![CDATA[james.brown@example.com]]>
              </value>
            </param>
            <param index="4">
              <value>
                <![CDATA[52000]]>
              </value>
            </param>
            <param index="5">
              <value>
                <![CDATA[Human Resources]]>
              </value>
            </param>
          </params>
          <reporter-output>
          </reporter-output>
        </test-method> <!-- testWebTabletsAdd -->
        <test-method signature="testWebTabletsAdd(java.lang.String,java.lang.String,int,java.lang.String,int,java.lang.String)[pri:0, instance:demo.qa.Elements@28dcca0c]" started-at="2025-01-13T14:16:22 BOT" name="testWebTabletsAdd" data-provider="dpWebTablets" finished-at="2025-01-13T14:16:27 BOT" duration-ms="4723" status="PASS">
          <params>
            <param index="0">
              <value>
                <![CDATA[Olivia]]>
              </value>
            </param>
            <param index="1">
              <value>
                <![CDATA[Jones]]>
              </value>
            </param>
            <param index="2">
              <value>
                <![CDATA[26]]>
              </value>
            </param>
            <param index="3">
              <value>
                <![CDATA[olivia.jones@example.com]]>
              </value>
            </param>
            <param index="4">
              <value>
                <![CDATA[41000]]>
              </value>
            </param>
            <param index="5">
              <value>
                <![CDATA[Sales]]>
              </value>
            </param>
          </params>
          <reporter-output>
          </reporter-output>
        </test-method> <!-- testWebTabletsAdd -->
        <test-method signature="testWebTabletsAdd(java.lang.String,java.lang.String,int,java.lang.String,int,java.lang.String)[pri:0, instance:demo.qa.Elements@28dcca0c]" started-at="2025-01-13T14:16:27 BOT" name="testWebTabletsAdd" data-provider="dpWebTablets" finished-at="2025-01-13T14:16:32 BOT" duration-ms="4705" status="PASS">
          <params>
            <param index="0">
              <value>
                <![CDATA[Michael]]>
              </value>
            </param>
            <param index="1">
              <value>
                <![CDATA[Taylor]]>
              </value>
            </param>
            <param index="2">
              <value>
                <![CDATA[38]]>
              </value>
            </param>
            <param index="3">
              <value>
                <![CDATA[michael.taylor@example.com]]>
              </value>
            </param>
            <param index="4">
              <value>
                <![CDATA[48000]]>
              </value>
            </param>
            <param index="5">
              <value>
                <![CDATA[Operations]]>
              </value>
            </param>
          </params>
          <reporter-output>
          </reporter-output>
        </test-method> <!-- testWebTabletsAdd -->
        <test-method signature="testWebTabletsAdd(java.lang.String,java.lang.String,int,java.lang.String,int,java.lang.String)[pri:0, instance:demo.qa.Elements@28dcca0c]" started-at="2025-01-13T14:16:32 BOT" name="testWebTabletsAdd" data-provider="dpWebTablets" finished-at="2025-01-13T14:16:36 BOT" duration-ms="4662" status="PASS">
          <params>
            <param index="0">
              <value>
                <![CDATA[Sophia]]>
              </value>
            </param>
            <param index="1">
              <value>
                <![CDATA[Lee]]>
              </value>
            </param>
            <param index="2">
              <value>
                <![CDATA[31]]>
              </value>
            </param>
            <param index="3">
              <value>
                <![CDATA[sophia.lee@example.com]]>
              </value>
            </param>
            <param index="4">
              <value>
                <![CDATA[44000]]>
              </value>
            </param>
            <param index="5">
              <value>
                <![CDATA[Technology]]>
              </value>
            </param>
          </params>
          <reporter-output>
          </reporter-output>
        </test-method> <!-- testWebTabletsAdd -->
        <test-method signature="testWebTabletsAdd(java.lang.String,java.lang.String,int,java.lang.String,int,java.lang.String)[pri:0, instance:demo.qa.Elements@28dcca0c]" started-at="2025-01-13T14:16:36 BOT" name="testWebTabletsAdd" data-provider="dpWebTablets" finished-at="2025-01-13T14:16:41 BOT" duration-ms="4653" status="PASS">
          <params>
            <param index="0">
              <value>
                <![CDATA[David]]>
              </value>
            </param>
            <param index="1">
              <value>
                <![CDATA[Walker]]>
              </value>
            </param>
            <param index="2">
              <value>
                <![CDATA[45]]>
              </value>
            </param>
            <param index="3">
              <value>
                <![CDATA[david.walker@example.com]]>
              </value>
            </param>
            <param index="4">
              <value>
                <![CDATA[55000]]>
              </value>
            </param>
            <param index="5">
              <value>
                <![CDATA[Finance]]>
              </value>
            </param>
          </params>
          <reporter-output>
          </reporter-output>
        </test-method> <!-- testWebTabletsAdd -->
        <test-method signature="testWebTabletsAdd(java.lang.String,java.lang.String,int,java.lang.String,int,java.lang.String)[pri:0, instance:demo.qa.Elements@28dcca0c]" started-at="2025-01-13T14:16:41 BOT" name="testWebTabletsAdd" data-provider="dpWebTablets" finished-at="2025-01-13T14:16:46 BOT" duration-ms="4732" status="PASS">
          <params>
            <param index="0">
              <value>
                <![CDATA[Isabella]]>
              </value>
            </param>
            <param index="1">
              <value>
                <![CDATA[Hall]]>
              </value>
            </param>
            <param index="2">
              <value>
                <![CDATA[28]]>
              </value>
            </param>
            <param index="3">
              <value>
                <![CDATA[isabella.hall@example.com]]>
              </value>
            </param>
            <param index="4">
              <value>
                <![CDATA[39000]]>
              </value>
            </param>
            <param index="5">
              <value>
                <![CDATA[Marketing]]>
              </value>
            </param>
          </params>
          <reporter-output>
          </reporter-output>
        </test-method> <!-- testWebTabletsAdd -->
        <test-method signature="testWebTabletsAdd(java.lang.String,java.lang.String,int,java.lang.String,int,java.lang.String)[pri:0, instance:demo.qa.Elements@28dcca0c]" started-at="2025-01-13T14:16:46 BOT" name="testWebTabletsAdd" data-provider="dpWebTablets" finished-at="2025-01-13T14:16:51 BOT" duration-ms="4718" status="PASS">
          <params>
            <param index="0">
              <value>
                <![CDATA[Daniel]]>
              </value>
            </param>
            <param index="1">
              <value>
                <![CDATA[Allen]]>
              </value>
            </param>
            <param index="2">
              <value>
                <![CDATA[37]]>
              </value>
            </param>
            <param index="3">
              <value>
                <![CDATA[daniel.allen@example.com]]>
              </value>
            </param>
            <param index="4">
              <value>
                <![CDATA[47000]]>
              </value>
            </param>
            <param index="5">
              <value>
                <![CDATA[Human Resources]]>
              </value>
            </param>
          </params>
          <reporter-output>
          </reporter-output>
        </test-method> <!-- testWebTabletsAdd -->
        <test-method signature="testWebTabletsAdd(java.lang.String,java.lang.String,int,java.lang.String,int,java.lang.String)[pri:0, instance:demo.qa.Elements@28dcca0c]" started-at="2025-01-13T14:16:51 BOT" name="testWebTabletsAdd" data-provider="dpWebTablets" finished-at="2025-01-13T14:16:55 BOT" duration-ms="4649" status="PASS">
          <params>
            <param index="0">
              <value>
                <![CDATA[Mia]]>
              </value>
            </param>
            <param index="1">
              <value>
                <![CDATA[Young]]>
              </value>
            </param>
            <param index="2">
              <value>
                <![CDATA[33]]>
              </value>
            </param>
            <param index="3">
              <value>
                <![CDATA[mia.young@example.com]]>
              </value>
            </param>
            <param index="4">
              <value>
                <![CDATA[43000]]>
              </value>
            </param>
            <param index="5">
              <value>
                <![CDATA[Sales]]>
              </value>
            </param>
          </params>
          <reporter-output>
          </reporter-output>
        </test-method> <!-- testWebTabletsAdd -->
        <test-method signature="testWebTabletsAdd(java.lang.String,java.lang.String,int,java.lang.String,int,java.lang.String)[pri:0, instance:demo.qa.Elements@28dcca0c]" started-at="2025-01-13T14:16:55 BOT" name="testWebTabletsAdd" data-provider="dpWebTablets" finished-at="2025-01-13T14:17:00 BOT" duration-ms="4737" status="PASS">
          <params>
            <param index="0">
              <value>
                <![CDATA[Christopher]]>
              </value>
            </param>
            <param index="1">
              <value>
                <![CDATA[Harris]]>
              </value>
            </param>
            <param index="2">
              <value>
                <![CDATA[40]]>
              </value>
            </param>
            <param index="3">
              <value>
                <![CDATA[christopher.harris@example.com]]>
              </value>
            </param>
            <param index="4">
              <value>
                <![CDATA[51000]]>
              </value>
            </param>
            <param index="5">
              <value>
                <![CDATA[Operations]]>
              </value>
            </param>
          </params>
          <reporter-output>
          </reporter-output>
        </test-method> <!-- testWebTabletsAdd -->
        <test-method signature="testWebTabletsAdd(java.lang.String,java.lang.String,int,java.lang.String,int,java.lang.String)[pri:0, instance:demo.qa.Elements@28dcca0c]" started-at="2025-01-13T14:17:00 BOT" name="testWebTabletsAdd" data-provider="dpWebTablets" finished-at="2025-01-13T14:17:05 BOT" duration-ms="4705" status="PASS">
          <params>
            <param index="0">
              <value>
                <![CDATA[Charlotte]]>
              </value>
            </param>
            <param index="1">
              <value>
                <![CDATA[Clark]]>
              </value>
            </param>
            <param index="2">
              <value>
                <![CDATA[25]]>
              </value>
            </param>
            <param index="3">
              <value>
                <![CDATA[charlotte.clark@example.com]]>
              </value>
            </param>
            <param index="4">
              <value>
                <![CDATA[40000]]>
              </value>
            </param>
            <param index="5">
              <value>
                <![CDATA[Technology]]>
              </value>
            </param>
          </params>
          <reporter-output>
          </reporter-output>
        </test-method> <!-- testWebTabletsAdd -->
        <test-method signature="testWebTabletsAdd(java.lang.String,java.lang.String,int,java.lang.String,int,java.lang.String)[pri:0, instance:demo.qa.Elements@28dcca0c]" started-at="2025-01-13T14:17:05 BOT" name="testWebTabletsAdd" data-provider="dpWebTablets" finished-at="2025-01-13T14:17:09 BOT" duration-ms="4706" status="PASS">
          <params>
            <param index="0">
              <value>
                <![CDATA[Matthew]]>
              </value>
            </param>
            <param index="1">
              <value>
                <![CDATA[Lewis]]>
              </value>
            </param>
            <param index="2">
              <value>
                <![CDATA[36]]>
              </value>
            </param>
            <param index="3">
              <value>
                <![CDATA[matthew.lewis@example.com]]>
              </value>
            </param>
            <param index="4">
              <value>
                <![CDATA[46000]]>
              </value>
            </param>
            <param index="5">
              <value>
                <![CDATA[Finance]]>
              </value>
            </param>
          </params>
          <reporter-output>
          </reporter-output>
        </test-method> <!-- testWebTabletsAdd -->
        <test-method signature="testWebTabletsAdd(java.lang.String,java.lang.String,int,java.lang.String,int,java.lang.String)[pri:0, instance:demo.qa.Elements@28dcca0c]" started-at="2025-01-13T14:17:09 BOT" name="testWebTabletsAdd" data-provider="dpWebTablets" finished-at="2025-01-13T14:17:14 BOT" duration-ms="4713" status="PASS">
          <params>
            <param index="0">
              <value>
                <![CDATA[Amelia]]>
              </value>
            </param>
            <param index="1">
              <value>
                <![CDATA[Robinson]]>
              </value>
            </param>
            <param index="2">
              <value>
                <![CDATA[27]]>
              </value>
            </param>
            <param index="3">
              <value>
                <![CDATA[amelia.robinson@example.com]]>
              </value>
            </param>
            <param index="4">
              <value>
                <![CDATA[39000]]>
              </value>
            </param>
            <param index="5">
              <value>
                <![CDATA[Marketing]]>
              </value>
            </param>
          </params>
          <reporter-output>
          </reporter-output>
        </test-method> <!-- testWebTabletsAdd -->
        <test-method is-config="true" signature="after()[pri:0, instance:demo.qa.Elements@28dcca0c]" started-at="2025-01-13T14:17:14 BOT" name="after" finished-at="2025-01-13T14:17:14 BOT" duration-ms="159" status="PASS">
          <reporter-output>
          </reporter-output>
        </test-method> <!-- after -->
      </class> <!-- demo.qa.Elements -->
    </test> <!-- Default test -->
  </suite> <!-- Default suite -->
</testng-results>
