<?xml version="1.0" encoding="UTF-8"?>
<testng-results ignored="0" total="1" passed="1" failed="0" skipped="0">
  <reporter-output>
  </reporter-output>
  <suite started-at="2025-01-09T11:27:45 BOT" name="Default suite" finished-at="2025-01-09T11:28:05 BOT" duration-ms="19691">
    <groups>
    </groups>
    <test started-at="2025-01-09T11:27:45 BOT" name="Default test" finished-at="2025-01-09T11:28:05 BOT" duration-ms="19691">
      <class name="demo.qa.Elements">
        <test-method is-config="true" signature="begin()[pri:0, instance:demo.qa.Elements@76494737]" started-at="2025-01-09T11:27:45 BOT" name="begin" finished-at="2025-01-09T11:28:00 BOT" duration-ms="15194" status="PASS">
          <reporter-output>
          </reporter-output>
        </test-method> <!-- begin -->
        <test-method signature="testRadioButtons()[pri:0, instance:demo.qa.Elements@76494737]" started-at="2025-01-09T11:28:00 BOT" name="testRadioButtons" finished-at="2025-01-09T11:28:05 BOT" duration-ms="4215" status="PASS">
          <reporter-output>
          </reporter-output>
        </test-method> <!-- testRadioButtons -->
        <test-method is-config="true" signature="after()[pri:0, instance:demo.qa.Elements@76494737]" started-at="2025-01-09T11:28:05 BOT" name="after" finished-at="2025-01-09T11:28:05 BOT" duration-ms="251" status="PASS">
          <reporter-output>
          </reporter-output>
        </test-method> <!-- after -->
      </class> <!-- demo.qa.Elements -->
    </test> <!-- Default test -->
  </suite> <!-- Default suite -->
</testng-results>
